<?xml version="1.0" encoding="UTF-8"?>
<coverage generated="1661136596556" clover="3.2.0">
  <project timestamp="1661136596556" name="All files">
    <metrics statements="73" coveredstatements="55" conditionals="8" coveredconditionals="4" methods="22" coveredmethods="13" elements="103" coveredelements="72" complexity="0" loc="73" ncloc="73" packages="4" files="9" classes="9"/>
    <package name="daforst">
      <metrics statements="5" coveredstatements="5" conditionals="0" coveredconditionals="0" methods="1" coveredmethods="1"/>
      <file name="App.js" path="C:\Users\sheil\OneDrive\Documents\UNIVERSITY\4th Year\ENGR489 (Full Year)\daforst\daforst\App.js">
        <metrics statements="4" coveredstatements="4" conditionals="0" coveredconditionals="0" methods="1" coveredmethods="1"/>
        <line num="9" count="1" type="stmt"/>
        <line num="11" count="1" type="stmt"/>
        <line num="15" count="1" type="stmt"/>
        <line num="16" count="1" type="stmt"/>
      </file>
      <file name="colors.js" path="C:\Users\sheil\OneDrive\Documents\UNIVERSITY\4th Year\ENGR489 (Full Year)\daforst\daforst\colors.js">
        <metrics statements="1" coveredstatements="1" conditionals="0" coveredconditionals="0" methods="0" coveredmethods="0"/>
        <line num="4" count="7" type="stmt"/>
      </file>
    </package>
    <package name="daforst.assets">
      <metrics statements="1" coveredstatements="1" conditionals="0" coveredconditionals="0" methods="0" coveredmethods="0"/>
      <file name="daforst_tree.png" path="C:\Users\sheil\OneDrive\Documents\UNIVERSITY\4th Year\ENGR489 (Full Year)\daforst\daforst\assets\daforst_tree.png">
        <metrics statements="1" coveredstatements="1" conditionals="0" coveredconditionals="0" methods="0" coveredmethods="0"/>
        <line num="1" count="2" type="stmt"/>
      </file>
    </package>
    <package name="daforst.components">
      <metrics statements="7" coveredstatements="7" conditionals="2" coveredconditionals="1" methods="3" coveredmethods="3"/>
      <file name="AssetPreview.js" path="C:\Users\sheil\OneDrive\Documents\UNIVERSITY\4th Year\ENGR489 (Full Year)\daforst\daforst\components\AssetPreview.js">
        <metrics statements="4" coveredstatements="4" conditionals="2" coveredconditionals="1" methods="2" coveredmethods="2"/>
        <line num="5" count="3" type="stmt"/>
        <line num="6" count="1" type="stmt"/>
        <line num="32" count="3" type="stmt"/>
        <line num="33" count="1" type="stmt"/>
      </file>
      <file name="Loading.js" path="C:\Users\sheil\OneDrive\Documents\UNIVERSITY\4th Year\ENGR489 (Full Year)\daforst\daforst\components\Loading.js">
        <metrics statements="3" coveredstatements="3" conditionals="0" coveredconditionals="0" methods="1" coveredmethods="1"/>
        <line num="5" count="3" type="stmt"/>
        <line num="6" count="2" type="stmt"/>
        <line num="15" count="3" type="stmt"/>
      </file>
    </package>
    <package name="daforst.screens">
      <metrics statements="60" coveredstatements="42" conditionals="6" coveredconditionals="3" methods="18" coveredmethods="9"/>
      <file name="AssetFullScreen.js" path="C:\Users\sheil\OneDrive\Documents\UNIVERSITY\4th Year\ENGR489 (Full Year)\daforst\daforst\screens\AssetFullScreen.js">
        <metrics statements="5" coveredstatements="5" conditionals="0" coveredconditionals="0" methods="1" coveredmethods="1"/>
        <line num="11" count="2" type="stmt"/>
        <line num="12" count="1" type="stmt"/>
        <line num="13" count="1" type="stmt"/>
        <line num="15" count="1" type="stmt"/>
        <line num="53" count="2" type="stmt"/>
      </file>
      <file name="AssetsScreen.js" path="C:\Users\sheil\OneDrive\Documents\UNIVERSITY\4th Year\ENGR489 (Full Year)\daforst\daforst\screens\AssetsScreen.js">
        <metrics statements="14" coveredstatements="7" conditionals="4" coveredconditionals="1" methods="4" coveredmethods="1"/>
        <line num="7" count="2" type="stmt"/>
        <line num="8" count="1" type="stmt"/>
        <line num="9" count="1" type="stmt"/>
        <line num="11" count="1" type="stmt"/>
        <line num="13" count="0" type="stmt"/>
        <line num="16" count="1" type="stmt"/>
        <line num="17" count="0" type="stmt"/>
        <line num="18" count="0" type="stmt"/>
        <line num="19" count="0" type="cond" truecount="0" falsecount="2"/>
        <line num="20" count="0" type="stmt"/>
        <line num="23" count="0" type="stmt"/>
        <line num="27" count="1" type="stmt"/>
        <line num="33" count="0" type="stmt"/>
        <line num="48" count="2" type="stmt"/>
      </file>
      <file name="HomeScreen.js" path="C:\Users\sheil\OneDrive\Documents\UNIVERSITY\4th Year\ENGR489 (Full Year)\daforst\daforst\screens\HomeScreen.js">
        <metrics statements="10" coveredstatements="10" conditionals="0" coveredconditionals="0" methods="5" coveredmethods="5"/>
        <line num="14" count="2" type="stmt"/>
        <line num="16" count="2" type="stmt"/>
        <line num="17" count="5" type="stmt"/>
        <line num="19" count="5" type="stmt"/>
        <line num="20" count="5" type="stmt"/>
        <line num="26" count="5" type="stmt"/>
        <line num="39" count="1" type="stmt"/>
        <line num="50" count="1" type="stmt"/>
        <line num="64" count="2" type="stmt"/>
        <line num="74" count="5" type="stmt"/>
      </file>
      <file name="UploadScreen.js" path="C:\Users\sheil\OneDrive\Documents\UNIVERSITY\4th Year\ENGR489 (Full Year)\daforst\daforst\screens\UploadScreen.js">
        <metrics statements="31" coveredstatements="20" conditionals="2" coveredconditionals="2" methods="8" coveredmethods="2"/>
        <line num="17" count="2" type="stmt"/>
        <line num="18" count="17" type="stmt"/>
        <line num="19" count="17" type="stmt"/>
        <line num="21" count="17" type="stmt"/>
        <line num="22" count="17" type="stmt"/>
        <line num="23" count="17" type="stmt"/>
        <line num="25" count="17" type="stmt"/>
        <line num="27" count="17" type="stmt"/>
        <line num="33" count="17" type="stmt"/>
        <line num="38" count="17" type="stmt"/>
        <line num="39" count="0" type="stmt"/>
        <line num="42" count="17" type="stmt"/>
        <line num="43" count="0" type="stmt"/>
        <line num="44" count="0" type="stmt"/>
        <line num="45" count="0" type="stmt"/>
        <line num="47" count="0" type="stmt"/>
        <line num="48" count="0" type="stmt"/>
        <line num="53" count="17" type="stmt"/>
        <line num="54" count="0" type="stmt"/>
        <line num="55" count="0" type="stmt"/>
        <line num="63" count="0" type="stmt"/>
        <line num="64" count="0" type="stmt"/>
        <line num="67" count="0" type="stmt"/>
        <line num="71" count="17" type="stmt"/>
        <line num="72" count="1" type="stmt"/>
        <line num="73" count="1" type="stmt"/>
        <line num="74" count="1" type="stmt"/>
        <line num="75" count="1" type="stmt"/>
        <line num="76" count="1" type="stmt"/>
        <line num="79" count="17" type="stmt"/>
        <line num="172" count="2" type="stmt"/>
      </file>
    </package>
  </project>
</coverage>
