{"C:\\Users\\sheil\\OneDrive\\Documents\\UNIVERSITY\\4th_Year\\ENGR489 (Full Year)\\daforst\\daforst\\App.js": {"path":"C:\\Users\\sheil\\OneDrive\\Documents\\UNIVERSITY\\4th_Year\\ENGR489 (Full Year)\\daforst\\daforst\\App.js","statementMap":{"0":{"start":{"line":9,"column":14},"end":{"line":9,"column":42}},"1":{"start":{"line":11,"column":28},"end":{"line":13,"column":1}},"2":{"start":{"line":15,"column":12},"end":{"line":28,"column":1}},"3":{"start":{"line":16,"column":2},"end":{"line":27,"column":4}}},"fnMap":{"0":{"name":"(anonymous_0)","decl":{"start":{"line":15,"column":12},"end":{"line":15,"column":13}},"loc":{"start":{"line":15,"column":18},"end":{"line":28,"column":1}},"line":15}},"branchMap":{},"s":{"0":1,"1":1,"2":1,"3":1},"f":{"0":1},"b":{},"_coverageSchema":"1a1c01bbd47fc00a2c39e90264f33305004495a9","hash":"a9a0693b697c2dbf47eb72d901d62ee2eaa0969d"}
,"C:\\Users\\sheil\\OneDrive\\Documents\\UNIVERSITY\\4th_Year\\ENGR489 (Full Year)\\daforst\\daforst\\colors.js": {"path":"C:\\Users\\sheil\\OneDrive\\Documents\\UNIVERSITY\\4th_Year\\ENGR489 (Full Year)\\daforst\\daforst\\colors.js","statementMap":{"0":{"start":{"line":4,"column":22},"end":{"line":13,"column":1}}},"fnMap":{},"branchMap":{},"s":{"0":7},"f":{},"b":{},"_coverageSchema":"1a1c01bbd47fc00a2c39e90264f33305004495a9","hash":"458168761bf78f258a02b234614cc5d18b121392"}
,"C:\\Users\\sheil\\OneDrive\\Documents\\UNIVERSITY\\4th_Year\\ENGR489 (Full Year)\\daforst\\daforst\\assets\\daforst_tree.png": {"path":"C:\\Users\\sheil\\OneDrive\\Documents\\UNIVERSITY\\4th_Year\\ENGR489 (Full Year)\\daforst\\daforst\\assets\\daforst_tree.png","statementMap":{"0":{"start":{"line":1,"column":0},"end":{"line":4,"column":6}}},"fnMap":{},"branchMap":{},"s":{"0":2},"f":{},"b":{},"inputSourceMap":null,"_coverageSchema":"1a1c01bbd47fc00a2c39e90264f33305004495a9","hash":"18b219951607f8b08bb59ae81194a004e50c8916"}
,"C:\\Users\\sheil\\OneDrive\\Documents\\UNIVERSITY\\4th_Year\\ENGR489 (Full Year)\\daforst\\daforst\\components\\AssetPreview.js": {"path":"C:\\Users\\sheil\\OneDrive\\Documents\\UNIVERSITY\\4th_Year\\ENGR489 (Full Year)\\daforst\\daforst\\components\\AssetPreview.js","statementMap":{"0":{"start":{"line":5,"column":21},"end":{"line":28,"column":1}},"1":{"start":{"line":6,"column":2},"end":{"line":27,"column":4}},"2":{"start":{"line":32,"column":15},"end":{"line":50,"column":2}},"3":{"start":{"line":33,"column":23},"end":{"line":36,"column":3}}},"fnMap":{"0":{"name":"(anonymous_0)","decl":{"start":{"line":5,"column":21},"end":{"line":5,"column":22}},"loc":{"start":{"line":5,"column":43},"end":{"line":28,"column":1}},"line":5},"1":{"name":"(anonymous_1)","decl":{"start":{"line":33,"column":13},"end":{"line":33,"column":14}},"loc":{"start":{"line":33,"column":23},"end":{"line":36,"column":3}},"line":33}},"branchMap":{"0":{"loc":{"start":{"line":35,"column":21},"end":{"line":35,"column":64}},"type":"cond-expr","locations":[{"start":{"line":35,"column":38},"end":{"line":35,"column":49}},{"start":{"line":35,"column":52},"end":{"line":35,"column":64}}],"line":35}},"s":{"0":3,"1":1,"2":3,"3":1},"f":{"0":1,"1":1},"b":{"0":[0,1]},"_coverageSchema":"1a1c01bbd47fc00a2c39e90264f33305004495a9","hash":"5f8daca1ae887c045bb8a26d92102225925b1cb8"}
,"C:\\Users\\sheil\\OneDrive\\Documents\\UNIVERSITY\\4th_Year\\ENGR489 (Full Year)\\daforst\\daforst\\components\\Loading.js": {"path":"C:\\Users\\sheil\\OneDrive\\Documents\\UNIVERSITY\\4th_Year\\ENGR489 (Full Year)\\daforst\\daforst\\components\\Loading.js","statementMap":{"0":{"start":{"line":5,"column":16},"end":{"line":11,"column":1}},"1":{"start":{"line":6,"column":2},"end":{"line":10,"column":4}},"2":{"start":{"line":15,"column":15},"end":{"line":22,"column":2}}},"fnMap":{"0":{"name":"(anonymous_0)","decl":{"start":{"line":5,"column":16},"end":{"line":5,"column":17}},"loc":{"start":{"line":5,"column":22},"end":{"line":11,"column":1}},"line":5}},"branchMap":{},"s":{"0":3,"1":2,"2":3},"f":{"0":2},"b":{},"_coverageSchema":"1a1c01bbd47fc00a2c39e90264f33305004495a9","hash":"301f92c4e9ce30c64ffbf26376d47b0d9e45212d"}
,"C:\\Users\\sheil\\OneDrive\\Documents\\UNIVERSITY\\4th_Year\\ENGR489 (Full Year)\\daforst\\daforst\\screens\\AssetFullScreen.js": {"path":"C:\\Users\\sheil\\OneDrive\\Documents\\UNIVERSITY\\4th_Year\\ENGR489 (Full Year)\\daforst\\daforst\\screens\\AssetFullScreen.js","statementMap":{"0":{"start":{"line":11,"column":24},"end":{"line":49,"column":1}},"1":{"start":{"line":12,"column":20},"end":{"line":12,"column":32}},"2":{"start":{"line":13,"column":20},"end":{"line":13,"column":41}},"3":{"start":{"line":15,"column":2},"end":{"line":48,"column":4}},"4":{"start":{"line":53,"column":15},"end":{"line":73,"column":2}}},"fnMap":{"0":{"name":"(anonymous_0)","decl":{"start":{"line":11,"column":24},"end":{"line":11,"column":25}},"loc":{"start":{"line":11,"column":51},"end":{"line":49,"column":1}},"line":11}},"branchMap":{},"s":{"0":2,"1":1,"2":1,"3":1,"4":2},"f":{"0":1},"b":{},"_coverageSchema":"1a1c01bbd47fc00a2c39e90264f33305004495a9","hash":"70fab76adfe4958964ecfe0ca0a99b34ec18f941"}
,"C:\\Users\\sheil\\OneDrive\\Documents\\UNIVERSITY\\4th_Year\\ENGR489 (Full Year)\\daforst\\daforst\\screens\\AssetsScreen.js": {"path":"C:\\Users\\sheil\\OneDrive\\Documents\\UNIVERSITY\\4th_Year\\ENGR489 (Full Year)\\daforst\\daforst\\screens\\AssetsScreen.js","statementMap":{"0":{"start":{"line":7,"column":21},"end":{"line":47,"column":1}},"1":{"start":{"line":8,"column":30},"end":{"line":8,"column":42}},"2":{"start":{"line":9,"column":13},"end":{"line":9,"column":28}},"3":{"start":{"line":11,"column":2},"end":{"line":14,"column":9}},"4":{"start":{"line":13,"column":4},"end":{"line":13,"column":16}},"5":{"start":{"line":16,"column":20},"end":{"line":25,"column":3}},"6":{"start":{"line":17,"column":4},"end":{"line":24,"column":5}},"7":{"start":{"line":18,"column":23},"end":{"line":18,"column":68}},"8":{"start":{"line":19,"column":6},"end":{"line":21,"column":7}},"9":{"start":{"line":20,"column":8},"end":{"line":20,"column":33}},"10":{"start":{"line":23,"column":6},"end":{"line":23,"column":27}},"11":{"start":{"line":27,"column":2},"end":{"line":46,"column":4}},"12":{"start":{"line":34,"column":12},"end":{"line":39,"column":14}},"13":{"start":{"line":49,"column":15},"end":{"line":58,"column":2}}},"fnMap":{"0":{"name":"(anonymous_0)","decl":{"start":{"line":7,"column":21},"end":{"line":7,"column":22}},"loc":{"start":{"line":7,"column":41},"end":{"line":47,"column":1}},"line":7},"1":{"name":"(anonymous_1)","decl":{"start":{"line":11,"column":12},"end":{"line":11,"column":13}},"loc":{"start":{"line":11,"column":18},"end":{"line":14,"column":3}},"line":11},"2":{"name":"(anonymous_2)","decl":{"start":{"line":16,"column":20},"end":{"line":16,"column":21}},"loc":{"start":{"line":16,"column":32},"end":{"line":25,"column":3}},"line":16},"3":{"name":"(anonymous_3)","decl":{"start":{"line":33,"column":22},"end":{"line":33,"column":23}},"loc":{"start":{"line":34,"column":12},"end":{"line":39,"column":14}},"line":34}},"branchMap":{"0":{"loc":{"start":{"line":19,"column":6},"end":{"line":21,"column":7}},"type":"if","locations":[{"start":{"line":19,"column":6},"end":{"line":21,"column":7}},{"start":{},"end":{}}],"line":19},"1":{"loc":{"start":{"line":29,"column":7},"end":{"line":44,"column":7}},"type":"cond-expr","locations":[{"start":{"line":30,"column":8},"end":{"line":41,"column":10}},{"start":{"line":43,"column":8},"end":{"line":43,"column":19}}],"line":29}},"s":{"0":2,"1":1,"2":1,"3":1,"4":1,"5":1,"6":1,"7":1,"8":1,"9":0,"10":0,"11":1,"12":0,"13":2},"f":{"0":1,"1":1,"2":1,"3":0},"b":{"0":[0,1],"1":[0,1]},"_coverageSchema":"1a1c01bbd47fc00a2c39e90264f33305004495a9","hash":"eb074435c81d0d9623c5bec788c6eccbca8a76e0"}
,"C:\\Users\\sheil\\OneDrive\\Documents\\UNIVERSITY\\4th_Year\\ENGR489 (Full Year)\\daforst\\daforst\\screens\\HomeScreen.js": {"path":"C:\\Users\\sheil\\OneDrive\\Documents\\UNIVERSITY\\4th_Year\\ENGR489 (Full Year)\\daforst\\daforst\\screens\\HomeScreen.js","statementMap":{"0":{"start":{"line":14,"column":14},"end":{"line":14,"column":51}},"1":{"start":{"line":16,"column":19},"end":{"line":62,"column":1}},"2":{"start":{"line":17,"column":28},"end":{"line":17,"column":49}},"3":{"start":{"line":19,"column":2},"end":{"line":24,"column":19}},"4":{"start":{"line":20,"column":4},"end":{"line":23,"column":7}},"5":{"start":{"line":26,"column":2},"end":{"line":61,"column":4}},"6":{"start":{"line":39,"column":25},"end":{"line":39,"column":54}},"7":{"start":{"line":50,"column":25},"end":{"line":50,"column":54}},"8":{"start":{"line":64,"column":15},"end":{"line":106,"column":2}},"9":{"start":{"line":74,"column":20},"end":{"line":77,"column":3}}},"fnMap":{"0":{"name":"(anonymous_0)","decl":{"start":{"line":16,"column":19},"end":{"line":16,"column":20}},"loc":{"start":{"line":16,"column":39},"end":{"line":62,"column":1}},"line":16},"1":{"name":"(anonymous_1)","decl":{"start":{"line":19,"column":18},"end":{"line":19,"column":19}},"loc":{"start":{"line":19,"column":24},"end":{"line":24,"column":3}},"line":19},"2":{"name":"(anonymous_2)","decl":{"start":{"line":39,"column":19},"end":{"line":39,"column":20}},"loc":{"start":{"line":39,"column":25},"end":{"line":39,"column":54}},"line":39},"3":{"name":"(anonymous_3)","decl":{"start":{"line":50,"column":19},"end":{"line":50,"column":20}},"loc":{"start":{"line":50,"column":25},"end":{"line":50,"column":54}},"line":50},"4":{"name":"(anonymous_4)","decl":{"start":{"line":74,"column":9},"end":{"line":74,"column":10}},"loc":{"start":{"line":74,"column":20},"end":{"line":77,"column":3}},"line":74}},"branchMap":{},"s":{"0":2,"1":2,"2":5,"3":5,"4":5,"5":5,"6":1,"7":1,"8":2,"9":5},"f":{"0":5,"1":5,"2":1,"3":1,"4":5},"b":{},"_coverageSchema":"1a1c01bbd47fc00a2c39e90264f33305004495a9","hash":"b90fb6b5bcf591eb189e58c887ea550e8122f55a"}
,"C:\\Users\\sheil\\OneDrive\\Documents\\UNIVERSITY\\4th_Year\\ENGR489 (Full Year)\\daforst\\daforst\\screens\\UploadScreen.js": {"path":"C:\\Users\\sheil\\OneDrive\\Documents\\UNIVERSITY\\4th_Year\\ENGR489 (Full Year)\\daforst\\daforst\\screens\\UploadScreen.js","statementMap":{"0":{"start":{"line":17,"column":21},"end":{"line":175,"column":1}},"1":{"start":{"line":18,"column":22},"end":{"line":18,"column":34}},"2":{"start":{"line":19,"column":32},"end":{"line":19,"column":44}},"3":{"start":{"line":21,"column":26},"end":{"line":21,"column":38}},"4":{"start":{"line":22,"column":28},"end":{"line":22,"column":40}},"5":{"start":{"line":23,"column":26},"end":{"line":23,"column":38}},"6":{"start":{"line":25,"column":20},"end":{"line":25,"column":41}},"7":{"start":{"line":27,"column":15},"end":{"line":31,"column":4}},"8":{"start":{"line":33,"column":13},"end":{"line":33,"column":28}},"9":{"start":{"line":38,"column":23},"end":{"line":40,"column":3}},"10":{"start":{"line":39,"column":4},"end":{"line":39,"column":39}},"11":{"start":{"line":42,"column":34},"end":{"line":51,"column":3}},"12":{"start":{"line":43,"column":4},"end":{"line":50,"column":7}},"13":{"start":{"line":44,"column":6},"end":{"line":49,"column":7}},"14":{"start":{"line":45,"column":8},"end":{"line":45,"column":25}},"15":{"start":{"line":47,"column":8},"end":{"line":47,"column":27}},"16":{"start":{"line":48,"column":8},"end":{"line":48,"column":29}},"17":{"start":{"line":53,"column":19},"end":{"line":68,"column":3}},"18":{"start":{"line":54,"column":4},"end":{"line":67,"column":9}},"19":{"start":{"line":62,"column":8},"end":{"line":62,"column":30}},"20":{"start":{"line":63,"column":8},"end":{"line":63,"column":38}},"21":{"start":{"line":66,"column":8},"end":{"line":66,"column":27}},"22":{"start":{"line":70,"column":22},"end":{"line":76,"column":3}},"23":{"start":{"line":71,"column":4},"end":{"line":71,"column":14}},"24":{"start":{"line":72,"column":4},"end":{"line":72,"column":19}},"25":{"start":{"line":73,"column":4},"end":{"line":73,"column":16}},"26":{"start":{"line":74,"column":4},"end":{"line":74,"column":17}},"27":{"start":{"line":75,"column":4},"end":{"line":75,"column":16}},"28":{"start":{"line":78,"column":2},"end":{"line":174,"column":4}},"29":{"start":{"line":177,"column":15},"end":{"line":227,"column":2}}},"fnMap":{"0":{"name":"(anonymous_0)","decl":{"start":{"line":17,"column":21},"end":{"line":17,"column":22}},"loc":{"start":{"line":17,"column":41},"end":{"line":175,"column":1}},"line":17},"1":{"name":"(anonymous_1)","decl":{"start":{"line":38,"column":23},"end":{"line":38,"column":24}},"loc":{"start":{"line":38,"column":29},"end":{"line":40,"column":3}},"line":38},"2":{"name":"(anonymous_2)","decl":{"start":{"line":42,"column":34},"end":{"line":42,"column":35}},"loc":{"start":{"line":42,"column":40},"end":{"line":51,"column":3}},"line":42},"3":{"name":"(anonymous_3)","decl":{"start":{"line":43,"column":39},"end":{"line":43,"column":40}},"loc":{"start":{"line":43,"column":61},"end":{"line":50,"column":5}},"line":43},"4":{"name":"(anonymous_4)","decl":{"start":{"line":53,"column":19},"end":{"line":53,"column":20}},"loc":{"start":{"line":53,"column":31},"end":{"line":68,"column":3}},"line":53},"5":{"name":"(anonymous_5)","decl":{"start":{"line":61,"column":12},"end":{"line":61,"column":13}},"loc":{"start":{"line":61,"column":32},"end":{"line":64,"column":7}},"line":61},"6":{"name":"(anonymous_6)","decl":{"start":{"line":65,"column":13},"end":{"line":65,"column":14}},"loc":{"start":{"line":65,"column":30},"end":{"line":67,"column":7}},"line":65},"7":{"name":"(anonymous_7)","decl":{"start":{"line":70,"column":22},"end":{"line":70,"column":23}},"loc":{"start":{"line":70,"column":28},"end":{"line":76,"column":3}},"line":70}},"branchMap":{"0":{"loc":{"start":{"line":99,"column":17},"end":{"line":99,"column":28}},"type":"binary-expr","locations":[{"start":{"line":99,"column":17},"end":{"line":99,"column":19}},{"start":{"line":99,"column":23},"end":{"line":99,"column":28}}],"line":99}},"s":{"0":2,"1":17,"2":17,"3":17,"4":17,"5":17,"6":17,"7":17,"8":17,"9":17,"10":1,"11":17,"12":1,"13":0,"14":0,"15":0,"16":0,"17":17,"18":1,"19":0,"20":0,"21":0,"22":17,"23":1,"24":1,"25":1,"26":1,"27":1,"28":17,"29":2},"f":{"0":17,"1":1,"2":1,"3":0,"4":1,"5":0,"6":0,"7":1},"b":{"0":[17,17]},"_coverageSchema":"1a1c01bbd47fc00a2c39e90264f33305004495a9","hash":"33a5abe075c0c9ad534a41a8a4a270e232800675"}
}
