TN:
SF:App.js
FN:15,(anonymous_0)
FNF:1
FNH:1
FNDA:1,(anonymous_0)
DA:9,1
DA:11,1
DA:15,1
DA:16,1
LF:4
LH:4
BRF:0
BRH:0
end_of_record
TN:
SF:colors.js
FNF:0
FNH:0
DA:4,7
LF:1
LH:1
BRF:0
BRH:0
end_of_record
TN:
SF:assets\daforst_tree.png
FNF:0
FNH:0
DA:1,2
LF:1
LH:1
BRF:0
BRH:0
end_of_record
TN:
SF:components\AssetPreview.js
FN:5,(anonymous_0)
FN:33,(anonymous_1)
FNF:2
FNH:2
FNDA:1,(anonymous_0)
FNDA:1,(anonymous_1)
DA:5,3
DA:6,1
DA:32,3
DA:33,1
LF:4
LH:4
BRDA:35,0,0,0
BRDA:35,0,1,1
BRF:2
BRH:1
end_of_record
TN:
SF:components\Loading.js
FN:5,(anonymous_0)
FNF:1
FNH:1
FNDA:2,(anonymous_0)
DA:5,3
DA:6,2
DA:15,3
LF:3
LH:3
BRF:0
BRH:0
end_of_record
TN:
SF:screens\AssetFullScreen.js
FN:11,(anonymous_0)
FNF:1
FNH:1
FNDA:1,(anonymous_0)
DA:11,2
DA:12,1
DA:13,1
DA:15,1
DA:53,2
LF:5
LH:5
BRF:0
BRH:0
end_of_record
TN:
SF:screens\AssetsScreen.js
FN:7,(anonymous_0)
FN:11,(anonymous_1)
FN:16,(anonymous_2)
FN:32,(anonymous_3)
FNF:4
FNH:1
FNDA:1,(anonymous_0)
FNDA:0,(anonymous_1)
FNDA:0,(anonymous_2)
FNDA:0,(anonymous_3)
DA:7,2
DA:8,1
DA:9,1
DA:11,1
DA:13,0
DA:16,1
DA:17,0
DA:18,0
DA:19,0
DA:20,0
DA:23,0
DA:27,1
DA:33,0
DA:48,2
LF:14
LH:7
BRDA:19,0,0,0
BRDA:19,0,1,0
BRDA:29,1,0,0
BRDA:29,1,1,1
BRF:4
BRH:1
end_of_record
TN:
SF:screens\HomeScreen.js
FN:16,(anonymous_0)
FN:19,(anonymous_1)
FN:39,(anonymous_2)
FN:50,(anonymous_3)
FN:74,(anonymous_4)
FNF:5
FNH:5
FNDA:5,(anonymous_0)
FNDA:5,(anonymous_1)
FNDA:1,(anonymous_2)
FNDA:1,(anonymous_3)
FNDA:5,(anonymous_4)
DA:14,2
DA:16,2
DA:17,5
DA:19,5
DA:20,5
DA:26,5
DA:39,1
DA:50,1
DA:64,2
DA:74,5
LF:10
LH:10
BRF:0
BRH:0
end_of_record
TN:
SF:screens\UploadScreen.js
FN:17,(anonymous_0)
FN:38,(anonymous_1)
FN:42,(anonymous_2)
FN:43,(anonymous_3)
FN:53,(anonymous_4)
FN:62,(anonymous_5)
FN:66,(anonymous_6)
FN:71,(anonymous_7)
FNF:8
FNH:2
FNDA:17,(anonymous_0)
FNDA:0,(anonymous_1)
FNDA:0,(anonymous_2)
FNDA:0,(anonymous_3)
FNDA:0,(anonymous_4)
FNDA:0,(anonymous_5)
FNDA:0,(anonymous_6)
FNDA:1,(anonymous_7)
DA:17,2
DA:18,17
DA:19,17
DA:21,17
DA:22,17
DA:23,17
DA:25,17
DA:27,17
DA:33,17
DA:38,17
DA:39,0
DA:42,17
DA:43,0
DA:44,0
DA:45,0
DA:47,0
DA:48,0
DA:53,17
DA:54,0
DA:55,0
DA:63,0
DA:64,0
DA:67,0
DA:71,17
DA:72,1
DA:73,1
DA:74,1
DA:75,1
DA:76,1
DA:79,17
DA:172,2
LF:31
LH:20
BRDA:94,0,0,17
BRDA:94,0,1,17
BRF:2
BRH:2
end_of_record
